<?xml version="1.0" encoding="UTF-8"?>
<testng-results ignored="0" total="1" passed="1" failed="0" skipped="0">
  <reporter-output>
  </reporter-output>
  <suite started-at="2023-05-22T16:45:43 GET" name="All Test Suite" finished-at="2023-05-22T16:45:45 GET" duration-ms="1778">
    <groups>
    </groups>
    <test started-at="2023-05-22T16:45:43 GET" name="parameters" finished-at="2023-05-22T16:45:45 GET" duration-ms="1778">
      <class name="MockyBooksTest">
        <test-method signature="getBooksTest()[pri:0, instance:MockyBooksTest@37918c79]" started-at="2023-05-22T16:45:43 GET" name="getBooksTest" finished-at="2023-05-22T16:45:45 GET" duration-ms="1761" status="PASS">
          <reporter-output>
          </reporter-output>
        </test-method> <!-- getBooksTest -->
      </class> <!-- MockyBooksTest -->
    </test> <!-- parameters -->
  </suite> <!-- All Test Suite -->
</testng-results>
