<?xml version="1.0" encoding="UTF-8"?>
<testsuite xmlns:xsi="http://www.w3.org/2001/XMLSchema-instance" xsi:noNamespaceSchemaLocation="https://maven.apache.org/surefire/maven-surefire-plugin/xsd/surefire-test-report-3.0.xsd" version="3.0" name="TestSuite" time="1.993" tests="1" errors="0" skipped="0" failures="0">
  <properties>
[...]
</properties>
  <testcase name="getBooksTest" classname="MockyBooksTest" time="1.763">
    <system-out><![CDATA[2023-05-22 16:45:44 INFO  - Sending Get request for books
2023-05-22 16:45:45 INFO  - Sending Get request for books
2023-05-22 16:45:45 INFO  - check if info is valid type
2023-05-22 16:45:45 INFO  - Chceking books are sorted by id
2023-05-22 16:45:45 INFO  - Creating Objects from xml
2023-05-22 16:45:45 INFO  - Sending Get request for books
2023-05-22 16:45:45 INFO  - Creating Objects from xml
2023-05-22 16:45:45 INFO  - Sending Get request for books
2023-05-22 16:45:45 INFO  - Chceking if books with lowest and highest price have different information
2023-05-22 16:45:45 INFO  - Creating Objects from xml
2023-05-22 16:45:45 INFO  - Sending Get request for books
]]></system-out>
    <system-err><![CDATA[SLF4J: Failed to load class "org.slf4j.impl.StaticLoggerBinder".
SLF4J: Defaulting to no-operation (NOP) logger implementation
SLF4J: See http://www.slf4j.org/codes.html#StaticLoggerBinder for further details.
]]></system-err>
  </testcase>
</testsuite>